

HI-TECH Software PIC LITE Macro Assembler V9.83 build 10920 
                                                                                               Wed Jun 24 17:32:27 2015

HI-TECH Software Omniscient Code Generator (Lite mode) build 10920
     1  0000                     opt subtitle "HI-TECH Software Omniscient Code Generator (Lite mode) build 10920"
     2                           
     3                           opt pagewidth 120
     4                           
     5                           	opt lm
     6                           
     7                           	processor	16F876A
     8                           clrc	macro
     9                           	bcf	3,0
    10  0000                     	endm
    11                           clrz	macro
    12                           	bcf	3,2
    13  0000                     	endm
    14                           setc	macro
    15                           	bsf	3,0
    16  0000                     	endm
    17                           setz	macro
    18                           	bsf	3,2
    19  0000                     	endm
    20                           skipc	macro
    21                           	btfss	3,0
    22  0000                     	endm
    23                           skipz	macro
    24                           	btfss	3,2
    25  0000                     	endm
    26                           skipnc	macro
    27                           	btfsc	3,0
    28  0000                     	endm
    29                           skipnz	macro
    30                           	btfsc	3,2
    31  0000                     	endm
    32  0000                     indf	equ	0
    33  0000                     indf0	equ	0
    34  0002                     pc	equ	2
    35  0002                     pcl	equ	2
    36  0003                     status	equ	3
    37  0004                     fsr	equ	4
    38  0004                     fsr0	equ	4
    39  0001                     c	equ	1
    40  0000                     z	equ	0
    41  000A                     pclath	equ	10
    42                           # 23 "../../Source Code/PR14.c"
    43                           	psect config,class=CONFIG,delta=2 ;#
    44                           # 23 "../../Source Code/PR14.c"
    45  2007  3F32               	dw 0x3F32 ;#
    46                           	FNROOT	_main
    47                           	global	_CARRY
    48                           psect	maintext,global,class=CODE,delta=2
    49                           global __pmaintext
    50  0648                     __pmaintext:
    51  0018                     _CARRY	set	24
    52                           	global	_GIE
    53  005F                     _GIE	set	95
    54                           	global	_RA0
    55  0028                     _RA0	set	40
    56                           	global	_RB2
    57  0032                     _RB2	set	50
    58                           	global	_RC0
    59  0038                     _RC0	set	56
    60                           	global	_RC1
    61  0039                     _RC1	set	57
    62                           	global	_RC2
    63  003A                     _RC2	set	58
    64                           	global	_RC4
    65  003C                     _RC4	set	60
    66                           	global	_ADCON1
    67  009F                     _ADCON1	set	159
    68                           	global	_TRISA
    69  0085                     _TRISA	set	133
    70                           	global	_TRISB
    71  0086                     _TRISB	set	134
    72                           	global	_TRISC
    73  0087                     _TRISC	set	135
    74                           	global	_EEADR
    75  010D                     _EEADR	set	269
    76                           	global	_EEDATA
    77  010C                     _EEDATA	set	268
    78                           	global	_EECON1
    79  018C                     _EECON1	set	396
    80                           	global	_EECON2
    81  018D                     _EECON2	set	397
    82                           	global	_RD
    83  0C60                     _RD	set	3168
    84                           	global	_WR
    85  0C61                     _WR	set	3169
    86                           	global	_WREN
    87  0C62                     _WREN	set	3170
    88                           	file	"C:\DOCUME~1\Sales\LOCALS~1\Temp\s28k."
    89                           	line	#
    90                           psect cinit,class=CODE,delta=2
    91                           global start_initialization
    92  0644                     start_initialization:
    93                           
    94                           psect cinit,class=CODE,delta=2
    95                           global end_of_initialization
    96                           
    97                           ;End of C runtime variable initialization code
    98                           
    99  0644                     end_of_initialization:
   100  0644  0183               clrf status
   101  0645  120A  118A  2E48   ljmp _main	;jump to C main() function
   102                           psect	cstackCOMMON,class=COMMON,space=1
   103                           global __pcstackCOMMON
   104  0070                     __pcstackCOMMON:
   105                           	global	?_main
   106  0070                     ?_main:	; 0 bytes @ 0x0
   107                           	global	??_main
   108  0070                     ??_main:	; 0 bytes @ 0x0
   109  0070                     	ds	1
   110                           	global	main@temp1
   111  0071                     main@temp1:	; 4 bytes @ 0x1
   112  0071                     	ds	4
   113                           	global	main@status
   114  0075                     main@status:	; 1 bytes @ 0x5
   115  0075                     	ds	1
   116                           	global	main@temp2
   117  0076                     main@temp2:	; 4 bytes @ 0x6
   118  0076                     	ds	4
   119 ;;Data sizes: Strings 0, constant 0, data 0, bss 0, persistent 0 stack 0
   120 ;;Auto spaces:   Size  Autos    Used
   121 ;; COMMON          14     10      10
   122 ;; BANK0           80      0       0
   123 ;; BANK1           80      0       0
   124 ;; BANK3           96      0       0
   125 ;; BANK2           96      0       0
   126                           
   127 ;;
   128 ;; Pointer list with targets:
   129                           
   130                           
   131                           
   132 ;;
   133 ;; Critical Paths under _main in COMMON
   134 ;;
   135 ;;   None.
   136 ;;
   137 ;; Critical Paths under _main in BANK0
   138 ;;
   139 ;;   None.
   140 ;;
   141 ;; Critical Paths under _main in BANK1
   142 ;;
   143 ;;   None.
   144 ;;
   145 ;; Critical Paths under _main in BANK3
   146 ;;
   147 ;;   None.
   148 ;;
   149 ;; Critical Paths under _main in BANK2
   150 ;;
   151 ;;   None.
   152                           
   153 ;;
   154 ;;Main: autosize = 0, tempsize = 1, incstack = 0, save=0
   155 ;;
   156                           
   157 ;;
   158 ;;Call Graph Tables:
   159 ;;
   160 ;; ---------------------------------------------------------------------------------
   161 ;; (Depth) Function   	        Calls       Base Space   Used Autos Params    Refs
   162 ;; ---------------------------------------------------------------------------------
   163 ;; (0) _main                                                10    10      0     240
   164 ;;                                              0 COMMON    10    10      0
   165 ;; ---------------------------------------------------------------------------------
   166 ;; Estimated maximum stack depth 0
   167 ;; ---------------------------------------------------------------------------------
   168                           
   169 ;; Call Graph Graphs:
   170                           
   171 ;; _main (ROOT)
   172 ;;
   173                           
   174 ;; Address spaces:
   175                           
   176 ;;Name               Size   Autos  Total    Cost      Usage
   177 ;;BITCOMMON            E      0       0       0        0.0%
   178 ;;EEDATA             100      0       0       0        0.0%
   179 ;;NULL                 0      0       0       0        0.0%
   180 ;;CODE                 0      0       0       0        0.0%
   181 ;;COMMON               E      A       A       1       71.4%
   182 ;;BITSFR0              0      0       0       1        0.0%
   183 ;;SFR0                 0      0       0       1        0.0%
   184 ;;BITSFR1              0      0       0       2        0.0%
   185 ;;SFR1                 0      0       0       2        0.0%
   186 ;;STACK                0      0       0       2        0.0%
   187 ;;ABS                  0      0       0       3        0.0%
   188 ;;BITBANK0            50      0       0       4        0.0%
   189 ;;BITSFR3              0      0       0       4        0.0%
   190 ;;SFR3                 0      0       0       4        0.0%
   191 ;;BANK0               50      0       0       5        0.0%
   192 ;;BITSFR2              0      0       0       5        0.0%
   193 ;;SFR2                 0      0       0       5        0.0%
   194 ;;BITBANK1            50      0       0       6        0.0%
   195 ;;BANK1               50      0       0       7        0.0%
   196 ;;BITBANK3            60      0       0       8        0.0%
   197 ;;BANK3               60      0       0       9        0.0%
   198 ;;BITBANK2            60      0       0      10        0.0%
   199 ;;BANK2               60      0       0      11        0.0%
   200 ;;DATA                 0      0       0      12        0.0%
   201                           
   202                           	global	_main
   203                           psect	maintext
   204                           
   205 ;; *************** function _main *****************
   206 ;; Defined at:
   207 ;;		line 40 in file "../../Source Code/PR14.c"
   208 ;; Parameters:    Size  Location     Type
   209 ;;		None
   210 ;; Auto vars:     Size  Location     Type
   211 ;;  temp2           4    6[COMMON] unsigned long 
   212 ;;  temp1           4    1[COMMON] unsigned long 
   213 ;;  status          1    5[COMMON] unsigned char 
   214 ;; Return value:  Size  Location     Type
   215 ;;		None               void
   216 ;; Registers used:
   217 ;;		wreg, fsr0l, fsr0h, status,2, status,0
   218 ;; Tracked objects:
   219 ;;		On entry : 17F/0
   220 ;;		On exit  : 0/0
   221 ;;		Unchanged: 0/0
   222 ;; Data sizes:     COMMON   BANK0   BANK1   BANK3   BANK2
   223 ;;      Params:         0       0       0       0       0
   224 ;;      Locals:         9       0       0       0       0
   225 ;;      Temps:          1       0       0       0       0
   226 ;;      Totals:        10       0       0       0       0
   227 ;;Total ram usage:       10 bytes
   228 ;; This function calls:
   229 ;;		Nothing
   230 ;; This function is called by:
   231 ;;		Startup code after reset
   232 ;; This function uses a non-reentrant model
   233 ;;
   234                           psect	maintext
   235                           	file	"../../Source Code/PR14.c"
   236                           	line	40
   237                           	global	__size_of_main
   238  01B8                     	__size_of_main	equ	__end_of_main-_main
   239                           	
   240  0648                     _main:	
   241                           	opt	stack 8
   242                           ; Regs used in _main: [wreg-fsr0h+status,2+status,0]
   243                           	line	42
   244                           	
   245  0648                     l1630:	
   246                           ;PR14.c: 41: unsigned char status;
   247                           ;PR14.c: 42: unsigned long temp1=0;
   248  0648  3000               	movlw	0
   249  0649  00F4               	movwf	(main@temp1+3)
   250  064A  3000               	movlw	0
   251  064B  00F3               	movwf	(main@temp1+2)
   252  064C  3000               	movlw	0
   253  064D  00F2               	movwf	(main@temp1+1)
   254  064E  3000               	movlw	0
   255  064F  00F1               	movwf	(main@temp1)
   256                           
   257                           	line	43
   258                           ;PR14.c: 43: unsigned long temp2=0;
   259  0650  3000               	movlw	0
   260  0651  00F9               	movwf	(main@temp2+3)
   261  0652  3000               	movlw	0
   262  0653  00F8               	movwf	(main@temp2+2)
   263  0654  3000               	movlw	0
   264  0655  00F7               	movwf	(main@temp2+1)
   265  0656  3000               	movlw	0
   266  0657  00F6               	movwf	(main@temp2)
   267                           
   268                           	line	45
   269                           ;PR14.c: 45: ADCON1 = 0x06;
   270  0658  3006               	movlw	(06h)
   271  0659  1683               	bsf	status, 5	;RP0=1, select bank1
   272  065A  1303               	bcf	status, 6	;RP1=0, select bank1
   273  065B  009F               	movwf	(159)^080h	;volatile
   274                           	line	47
   275                           ;PR14.c: 47: TRISA = 0b11111111;
   276  065C  30FF               	movlw	(0FFh)
   277  065D  0085               	movwf	(133)^080h	;volatile
   278                           	line	48
   279                           ;PR14.c: 48: TRISB = 0b11111111;
   280  065E  30FF               	movlw	(0FFh)
   281  065F  0086               	movwf	(134)^080h	;volatile
   282                           	line	49
   283                           	
   284  0660                     l1632:	
   285                           ;PR14.c: 49: TRISC = 0b00000000;
   286  0660  0187               	clrf	(135)^080h	;volatile
   287                           	line	51
   288                           	
   289  0661                     l1634:	
   290                           ;PR14.c: 51: status=0;
   291  0661  01F5               	clrf	(main@status)
   292                           	line	52
   293                           	
   294  0662                     l1636:	
   295                           ;PR14.c: 52: RC0=0;
   296  0662  1283               	bcf	status, 5	;RP0=0, select bank0
   297  0663  1303               	bcf	status, 6	;RP1=0, select bank0
   298  0664  1007               	bcf	(56/8),(56)&7
   299                           	line	53
   300                           	
   301  0665                     l1638:	
   302                           ;PR14.c: 53: RC1=0;
   303  0665  1087               	bcf	(57/8),(57)&7
   304                           	line	54
   305                           	
   306  0666                     l1640:	
   307                           ;PR14.c: 54: RC2=0;
   308  0666  1107               	bcf	(58/8),(58)&7
   309                           	line	55
   310                           	
   311  0667                     l1642:	
   312                           ;PR14.c: 55: RC4=0;
   313  0667  1207               	bcf	(60/8),(60)&7
   314  0668  2E69               	goto	l1644
   315                           	line	58
   316                           ;PR14.c: 58: while(1)
   317                           	
   318  0669                     l613:	
   319                           	line	61
   320                           	
   321  0669                     l1644:	
   322                           ;PR14.c: 59: {
   323                           ;PR14.c: 61: if((RA0==0)&&(status!=4))
   324  0669  1805               	btfsc	(40/8),(40)&7
   325  066A  2E6C               	goto	u11
   326  066B  2E6D               	goto	u10
   327  066C                     u11:
   328  066C  2E86               	goto	l1654
   329  066D                     u10:
   330                           	
   331  066D                     l1646:	
   332  066D  0875               	movf	(main@status),w
   333  066E  3A04               	xorlw	04h
   334  066F  1903               	skipnz
   335  0670  2E72               	goto	u21
   336  0671  2E73               	goto	u20
   337  0672                     u21:
   338  0672  2E86               	goto	l1654
   339  0673                     u20:
   340  0673  2E75               	goto	l615
   341                           	line	63
   342                           	
   343  0674                     l1648:	
   344                           ;PR14.c: 62: {
   345                           ;PR14.c: 63: while(RA0==0) continue;
   346  0674  2E75               	goto	l615
   347                           	
   348  0675                     l616:	
   349                           	
   350  0675                     l615:	
   351  0675  1C05               	btfss	(40/8),(40)&7
   352  0676  2E78               	goto	u31
   353  0677  2E79               	goto	u30
   354  0678                     u31:
   355  0678  2E75               	goto	l615
   356  0679                     u30:
   357  0679  2E7A               	goto	l1650
   358                           	
   359  067A                     l617:	
   360                           	line	64
   361                           	
   362  067A                     l1650:	
   363                           ;PR14.c: 64: status=1;
   364  067A  01F5               	clrf	(main@status)
   365  067B  1403               	bsf	status,0
   366  067C  0DF5               	rlf	(main@status),f
   367                           	line	65
   368                           	
   369  067D                     l1652:	
   370                           ;PR14.c: 65: temp1=0;
   371  067D  3000               	movlw	0
   372  067E  00F4               	movwf	(main@temp1+3)
   373  067F  3000               	movlw	0
   374  0680  00F3               	movwf	(main@temp1+2)
   375  0681  3000               	movlw	0
   376  0682  00F2               	movwf	(main@temp1+1)
   377  0683  3000               	movlw	0
   378  0684  00F1               	movwf	(main@temp1)
   379                           
   380  0685  2E86               	goto	l1654
   381                           	line	66
   382                           	
   383  0686                     l614:	
   384                           	line	67
   385                           	
   386  0686                     l1654:	
   387                           ;PR14.c: 66: }
   388                           ;PR14.c: 67: if((RB2==0)&&(status==4))
   389  0686  1906               	btfsc	(50/8),(50)&7
   390  0687  2E89               	goto	u41
   391  0688  2E8A               	goto	u40
   392  0689                     u41:
   393  0689  2E9E               	goto	l1666
   394  068A                     u40:
   395                           	
   396  068A                     l1656:	
   397  068A  0875               	movf	(main@status),w
   398  068B  3A04               	xorlw	04h
   399  068C  1D03               	skipz
   400  068D  2E8F               	goto	u51
   401  068E  2E90               	goto	u50
   402  068F                     u51:
   403  068F  2E9E               	goto	l1666
   404  0690                     u50:
   405  0690  2E92               	goto	l619
   406                           	line	69
   407                           	
   408  0691                     l1658:	
   409                           ;PR14.c: 68: {
   410                           ;PR14.c: 69: while(RA0==0) continue;
   411  0691  2E92               	goto	l619
   412                           	
   413  0692                     l620:	
   414                           	
   415  0692                     l619:	
   416  0692  1C05               	btfss	(40/8),(40)&7
   417  0693  2E95               	goto	u61
   418  0694  2E96               	goto	u60
   419  0695                     u61:
   420  0695  2E92               	goto	l619
   421  0696                     u60:
   422  0696  2E97               	goto	l1660
   423                           	
   424  0697                     l621:	
   425                           	line	70
   426                           	
   427  0697                     l1660:	
   428                           ;PR14.c: 70: status=2;
   429  0697  3002               	movlw	(02h)
   430  0698  00F0               	movwf	(??_main+0)+0
   431  0699  0870               	movf	(??_main+0)+0,w
   432  069A  00F5               	movwf	(main@status)
   433                           	line	71
   434                           	
   435  069B                     l1662:	
   436                           ;PR14.c: 71: RC0=0;
   437  069B  1007               	bcf	(56/8),(56)&7
   438                           	line	72
   439                           	
   440  069C                     l1664:	
   441                           ;PR14.c: 72: RC4=0;
   442  069C  1207               	bcf	(60/8),(60)&7
   443  069D  2E9E               	goto	l1666
   444                           	line	73
   445                           	
   446  069E                     l618:	
   447                           	line	75
   448                           	
   449  069E                     l1666:	
   450                           ;PR14.c: 73: }
   451                           ;PR14.c: 75: if((RB2==1)&&(status==3))
   452  069E  1D06               	btfss	(50/8),(50)&7
   453  069F  2EA1               	goto	u71
   454  06A0  2EA2               	goto	u70
   455  06A1                     u71:
   456  06A1  2FED               	goto	l1716
   457  06A2                     u70:
   458                           	
   459  06A2                     l1668:	
   460  06A2  0875               	movf	(main@status),w
   461  06A3  3A03               	xorlw	03h
   462  06A4  1D03               	skipz
   463  06A5  2EA7               	goto	u81
   464  06A6  2EA8               	goto	u80
   465  06A7                     u81:
   466  06A7  2FED               	goto	l1716
   467  06A8                     u80:
   468                           	line	76
   469                           	
   470  06A8                     l1670:	
   471                           ;PR14.c: 76: status=4;
   472  06A8  3004               	movlw	(04h)
   473  06A9  00F0               	movwf	(??_main+0)+0
   474  06AA  0870               	movf	(??_main+0)+0,w
   475  06AB  00F5               	movwf	(main@status)
   476  06AC  2FED               	goto	l1716
   477                           	
   478  06AD                     l622:	
   479                           	line	79
   480                           ;PR14.c: 79: switch(status)
   481  06AD  2FED               	goto	l1716
   482                           	line	82
   483                           ;PR14.c: 80: {
   484                           ;PR14.c: 82: case 1:
   485                           	
   486  06AE                     l624:	
   487                           	line	83
   488                           ;PR14.c: 83: RC0=1;
   489  06AE  1407               	bsf	(56/8),(56)&7
   490                           	line	84
   491                           	
   492  06AF                     l1672:	
   493                           ;PR14.c: 84: temp1++;
   494  06AF  3001               	movlw	01h
   495  06B0  07F1               	addwf	(main@temp1),f
   496  06B1  3000               	movlw	0
   497  06B2  1803               	skipnc
   498  06B3  3001               movlw 1
   499  06B4  07F2               	addwf	(main@temp1+1),f
   500  06B5  3000               	movlw	0
   501  06B6  1803               	skipnc
   502  06B7  3001               movlw 1
   503  06B8  07F3               	addwf	(main@temp1+2),f
   504  06B9  3000               	movlw	0
   505  06BA  1803               	skipnc
   506  06BB  3001               movlw 1
   507  06BC  07F4               	addwf	(main@temp1+3),f
   508                           	line	85
   509                           ;PR14.c: 85: if(temp1<1000)
   510  06BD  3000               	movlw	0
   511  06BE  0274               	subwf	(main@temp1+3),w
   512  06BF  1D03               	skipz
   513  06C0  2ECB               	goto	u95
   514  06C1  3000               	movlw	0
   515  06C2  0273               	subwf	(main@temp1+2),w
   516  06C3  1D03               	skipz
   517  06C4  2ECB               	goto	u95
   518  06C5  3003               	movlw	03h
   519  06C6  0272               	subwf	(main@temp1+1),w
   520  06C7  1D03               	skipz
   521  06C8  2ECB               	goto	u95
   522  06C9  30E8               	movlw	0E8h
   523  06CA  0271               	subwf	(main@temp1),w
   524  06CB                     u95:
   525  06CB  1803               	skipnc
   526  06CC  2ECE               	goto	u91
   527  06CD  2ECF               	goto	u90
   528  06CE                     u91:
   529  06CE  2ED1               	goto	l1676
   530  06CF                     u90:
   531                           	line	86
   532                           	
   533  06CF                     l1674:	
   534                           ;PR14.c: 86: RC4=1;
   535  06CF  1607               	bsf	(60/8),(60)&7
   536  06D0  2E69               	goto	l1644
   537                           	line	87
   538                           	
   539  06D1                     l625:	
   540                           	
   541  06D1                     l1676:	
   542                           ;PR14.c: 87: else if(temp1>1040000)
   543  06D1  3000               	movlw	0
   544  06D2  0274               	subwf	(main@temp1+3),w
   545  06D3  1D03               	skipz
   546  06D4  2EDF               	goto	u105
   547  06D5  300F               	movlw	0Fh
   548  06D6  0273               	subwf	(main@temp1+2),w
   549  06D7  1D03               	skipz
   550  06D8  2EDF               	goto	u105
   551  06D9  30DE               	movlw	0DEh
   552  06DA  0272               	subwf	(main@temp1+1),w
   553  06DB  1D03               	skipz
   554  06DC  2EDF               	goto	u105
   555  06DD  3081               	movlw	081h
   556  06DE  0271               	subwf	(main@temp1),w
   557  06DF                     u105:
   558  06DF  1C03               	skipc
   559  06E0  2EE2               	goto	u101
   560  06E1  2EE3               	goto	u100
   561  06E2                     u101:
   562  06E2  2EF0               	goto	l627
   563  06E3                     u100:
   564                           	line	89
   565                           	
   566  06E3                     l1678:	
   567                           ;PR14.c: 88: {
   568                           ;PR14.c: 89: temp1=0;
   569  06E3  3000               	movlw	0
   570  06E4  00F4               	movwf	(main@temp1+3)
   571  06E5  3000               	movlw	0
   572  06E6  00F3               	movwf	(main@temp1+2)
   573  06E7  3000               	movlw	0
   574  06E8  00F2               	movwf	(main@temp1+1)
   575  06E9  3000               	movlw	0
   576  06EA  00F1               	movwf	(main@temp1)
   577                           
   578                           	line	90
   579                           ;PR14.c: 90: status=2;
   580  06EB  3002               	movlw	(02h)
   581  06EC  00F0               	movwf	(??_main+0)+0
   582  06ED  0870               	movf	(??_main+0)+0,w
   583  06EE  00F5               	movwf	(main@status)
   584                           	line	91
   585                           ;PR14.c: 91: }
   586  06EF  2E69               	goto	l1644
   587                           	line	92
   588                           	
   589  06F0                     l627:	
   590                           ;PR14.c: 92: else RC4=0;
   591  06F0  1207               	bcf	(60/8),(60)&7
   592  06F1  2E69               	goto	l1644
   593                           	
   594  06F2                     l628:	
   595  06F2  2E69               	goto	l1644
   596                           	
   597  06F3                     l626:	
   598                           	line	93
   599                           ;PR14.c: 93: break;
   600  06F3  2E69               	goto	l1644
   601                           	line	96
   602                           ;PR14.c: 96: case 2:
   603                           	
   604  06F4                     l630:	
   605                           	line	97
   606                           	
   607  06F4                     l1680:	
   608                           ;PR14.c: 97: temp2++;
   609  06F4  3001               	movlw	01h
   610  06F5  07F6               	addwf	(main@temp2),f
   611  06F6  3000               	movlw	0
   612  06F7  1803               	skipnc
   613  06F8  3001               movlw 1
   614  06F9  07F7               	addwf	(main@temp2+1),f
   615  06FA  3000               	movlw	0
   616  06FB  1803               	skipnc
   617  06FC  3001               movlw 1
   618  06FD  07F8               	addwf	(main@temp2+2),f
   619  06FE  3000               	movlw	0
   620  06FF  1803               	skipnc
   621  0700  3001               movlw 1
   622  0701  07F9               	addwf	(main@temp2+3),f
   623                           	line	98
   624                           ;PR14.c: 98: if(temp2<2500)
   625  0702  3000               	movlw	0
   626  0703  0279               	subwf	(main@temp2+3),w
   627  0704  1D03               	skipz
   628  0705  2F10               	goto	u115
   629  0706  3000               	movlw	0
   630  0707  0278               	subwf	(main@temp2+2),w
   631  0708  1D03               	skipz
   632  0709  2F10               	goto	u115
   633  070A  3009               	movlw	09h
   634  070B  0277               	subwf	(main@temp2+1),w
   635  070C  1D03               	skipz
   636  070D  2F10               	goto	u115
   637  070E  30C4               	movlw	0C4h
   638  070F  0276               	subwf	(main@temp2),w
   639  0710                     u115:
   640  0710  1803               	skipnc
   641  0711  2F13               	goto	u111
   642  0712  2F14               	goto	u110
   643  0713                     u111:
   644  0713  2F17               	goto	l1684
   645  0714                     u110:
   646                           	line	100
   647                           	
   648  0714                     l1682:	
   649                           ;PR14.c: 99: {
   650                           ;PR14.c: 100: RC1=1;
   651  0714  1487               	bsf	(57/8),(57)&7
   652                           	line	101
   653                           ;PR14.c: 101: RC2=1;
   654  0715  1507               	bsf	(58/8),(58)&7
   655                           	line	102
   656                           ;PR14.c: 102: }
   657  0716  2E69               	goto	l1644
   658                           	line	103
   659                           	
   660  0717                     l631:	
   661                           	
   662  0717                     l1684:	
   663                           ;PR14.c: 103: else if(temp2>2500 && temp2<3500 )
   664  0717  3000               	movlw	0
   665  0718  0279               	subwf	(main@temp2+3),w
   666  0719  1D03               	skipz
   667  071A  2F25               	goto	u125
   668  071B  3000               	movlw	0
   669  071C  0278               	subwf	(main@temp2+2),w
   670  071D  1D03               	skipz
   671  071E  2F25               	goto	u125
   672  071F  3009               	movlw	09h
   673  0720  0277               	subwf	(main@temp2+1),w
   674  0721  1D03               	skipz
   675  0722  2F25               	goto	u125
   676  0723  30C5               	movlw	0C5h
   677  0724  0276               	subwf	(main@temp2),w
   678  0725                     u125:
   679  0725  1C03               	skipc
   680  0726  2F28               	goto	u121
   681  0727  2F29               	goto	u120
   682  0728                     u121:
   683  0728  2F3E               	goto	l1690
   684  0729                     u120:
   685                           	
   686  0729                     l1686:	
   687  0729  3000               	movlw	0
   688  072A  0279               	subwf	(main@temp2+3),w
   689  072B  1D03               	skipz
   690  072C  2F37               	goto	u135
   691  072D  3000               	movlw	0
   692  072E  0278               	subwf	(main@temp2+2),w
   693  072F  1D03               	skipz
   694  0730  2F37               	goto	u135
   695  0731  300D               	movlw	0Dh
   696  0732  0277               	subwf	(main@temp2+1),w
   697  0733  1D03               	skipz
   698  0734  2F37               	goto	u135
   699  0735  30AC               	movlw	0ACh
   700  0736  0276               	subwf	(main@temp2),w
   701  0737                     u135:
   702  0737  1803               	skipnc
   703  0738  2F3A               	goto	u131
   704  0739  2F3B               	goto	u130
   705  073A                     u131:
   706  073A  2F3E               	goto	l1690
   707  073B                     u130:
   708                           	line	106
   709                           	
   710  073B                     l1688:	
   711                           ;PR14.c: 104: {
   712                           ;PR14.c: 106: RC1=0;
   713  073B  1087               	bcf	(57/8),(57)&7
   714                           	line	107
   715                           ;PR14.c: 107: RC2=0;
   716  073C  1107               	bcf	(58/8),(58)&7
   717                           	line	108
   718                           ;PR14.c: 108: }
   719  073D  2E69               	goto	l1644
   720                           	line	109
   721                           	
   722  073E                     l633:	
   723                           	
   724  073E                     l1690:	
   725                           ;PR14.c: 109: else if(temp2>3500 && temp2<4500 )
   726  073E  3000               	movlw	0
   727  073F  0279               	subwf	(main@temp2+3),w
   728  0740  1D03               	skipz
   729  0741  2F4C               	goto	u145
   730  0742  3000               	movlw	0
   731  0743  0278               	subwf	(main@temp2+2),w
   732  0744  1D03               	skipz
   733  0745  2F4C               	goto	u145
   734  0746  300D               	movlw	0Dh
   735  0747  0277               	subwf	(main@temp2+1),w
   736  0748  1D03               	skipz
   737  0749  2F4C               	goto	u145
   738  074A  30AD               	movlw	0ADh
   739  074B  0276               	subwf	(main@temp2),w
   740  074C                     u145:
   741  074C  1C03               	skipc
   742  074D  2F4F               	goto	u141
   743  074E  2F50               	goto	u140
   744  074F                     u141:
   745  074F  2F65               	goto	l1696
   746  0750                     u140:
   747                           	
   748  0750                     l1692:	
   749  0750  3000               	movlw	0
   750  0751  0279               	subwf	(main@temp2+3),w
   751  0752  1D03               	skipz
   752  0753  2F5E               	goto	u155
   753  0754  3000               	movlw	0
   754  0755  0278               	subwf	(main@temp2+2),w
   755  0756  1D03               	skipz
   756  0757  2F5E               	goto	u155
   757  0758  3011               	movlw	011h
   758  0759  0277               	subwf	(main@temp2+1),w
   759  075A  1D03               	skipz
   760  075B  2F5E               	goto	u155
   761  075C  3094               	movlw	094h
   762  075D  0276               	subwf	(main@temp2),w
   763  075E                     u155:
   764  075E  1803               	skipnc
   765  075F  2F61               	goto	u151
   766  0760  2F62               	goto	u150
   767  0761                     u151:
   768  0761  2F65               	goto	l1696
   769  0762                     u150:
   770                           	line	112
   771                           	
   772  0762                     l1694:	
   773                           ;PR14.c: 110: {
   774                           ;PR14.c: 112: RC1=1;
   775  0762  1487               	bsf	(57/8),(57)&7
   776                           	line	113
   777                           ;PR14.c: 113: RC2=1;
   778  0763  1507               	bsf	(58/8),(58)&7
   779                           	line	114
   780                           ;PR14.c: 114: }
   781  0764  2E69               	goto	l1644
   782                           	line	115
   783                           	
   784  0765                     l635:	
   785                           	
   786  0765                     l1696:	
   787                           ;PR14.c: 115: else if(temp2>6500)
   788  0765  3000               	movlw	0
   789  0766  0279               	subwf	(main@temp2+3),w
   790  0767  1D03               	skipz
   791  0768  2F73               	goto	u165
   792  0769  3000               	movlw	0
   793  076A  0278               	subwf	(main@temp2+2),w
   794  076B  1D03               	skipz
   795  076C  2F73               	goto	u165
   796  076D  3019               	movlw	019h
   797  076E  0277               	subwf	(main@temp2+1),w
   798  076F  1D03               	skipz
   799  0770  2F73               	goto	u165
   800  0771  3065               	movlw	065h
   801  0772  0276               	subwf	(main@temp2),w
   802  0773                     u165:
   803  0773  1C03               	skipc
   804  0774  2F76               	goto	u161
   805  0775  2F77               	goto	u160
   806  0776                     u161:
   807  0776  2E69               	goto	l1644
   808  0777                     u160:
   809                           	line	118
   810                           	
   811  0777                     l1698:	
   812                           ;PR14.c: 116: {
   813                           ;PR14.c: 118: temp2=0;
   814  0777  3000               	movlw	0
   815  0778  00F9               	movwf	(main@temp2+3)
   816  0779  3000               	movlw	0
   817  077A  00F8               	movwf	(main@temp2+2)
   818  077B  3000               	movlw	0
   819  077C  00F7               	movwf	(main@temp2+1)
   820  077D  3000               	movlw	0
   821  077E  00F6               	movwf	(main@temp2)
   822                           
   823                           	line	119
   824                           ;PR14.c: 119: status=3;
   825  077F  3003               	movlw	(03h)
   826  0780  00F0               	movwf	(??_main+0)+0
   827  0781  0870               	movf	(??_main+0)+0,w
   828  0782  00F5               	movwf	(main@status)
   829  0783  2E69               	goto	l1644
   830                           	line	120
   831                           	
   832  0784                     l637:	
   833  0784  2E69               	goto	l1644
   834                           	line	123
   835                           	
   836  0785                     l636:	
   837  0785  2E69               	goto	l1644
   838                           	
   839  0786                     l634:	
   840  0786  2E69               	goto	l1644
   841                           	
   842  0787                     l632:	
   843                           ;PR14.c: 120: }
   844                           ;PR14.c: 123: break;
   845  0787  2E69               	goto	l1644
   846                           	line	125
   847                           ;PR14.c: 125: case 3:
   848                           	
   849  0788                     l638:	
   850                           	line	126
   851                           ;PR14.c: 126: RC0=0;
   852  0788  1007               	bcf	(56/8),(56)&7
   853                           	line	127
   854                           ;PR14.c: 127: RC1=0;
   855  0789  1087               	bcf	(57/8),(57)&7
   856                           	line	128
   857                           ;PR14.c: 128: RC2=0;
   858  078A  1107               	bcf	(58/8),(58)&7
   859                           	line	129
   860                           ;PR14.c: 129: break;
   861  078B  2E69               	goto	l1644
   862                           	line	131
   863                           ;PR14.c: 131: case 4:
   864                           	
   865  078C                     l639:	
   866                           	line	132
   867                           	
   868  078C                     l1700:	
   869                           ;PR14.c: 132: temp2++;
   870  078C  3001               	movlw	01h
   871  078D  07F6               	addwf	(main@temp2),f
   872  078E  3000               	movlw	0
   873  078F  1803               	skipnc
   874  0790  3001               movlw 1
   875  0791  07F7               	addwf	(main@temp2+1),f
   876  0792  3000               	movlw	0
   877  0793  1803               	skipnc
   878  0794  3001               movlw 1
   879  0795  07F8               	addwf	(main@temp2+2),f
   880  0796  3000               	movlw	0
   881  0797  1803               	skipnc
   882  0798  3001               movlw 1
   883  0799  07F9               	addwf	(main@temp2+3),f
   884                           	line	133
   885                           ;PR14.c: 133: if(temp2<2500)
   886  079A  3000               	movlw	0
   887  079B  0279               	subwf	(main@temp2+3),w
   888  079C  1D03               	skipz
   889  079D  2FA8               	goto	u175
   890  079E  3000               	movlw	0
   891  079F  0278               	subwf	(main@temp2+2),w
   892  07A0  1D03               	skipz
   893  07A1  2FA8               	goto	u175
   894  07A2  3009               	movlw	09h
   895  07A3  0277               	subwf	(main@temp2+1),w
   896  07A4  1D03               	skipz
   897  07A5  2FA8               	goto	u175
   898  07A6  30C4               	movlw	0C4h
   899  07A7  0276               	subwf	(main@temp2),w
   900  07A8                     u175:
   901  07A8  1803               	skipnc
   902  07A9  2FAB               	goto	u171
   903  07AA  2FAC               	goto	u170
   904  07AB                     u171:
   905  07AB  2FAF               	goto	l1704
   906  07AC                     u170:
   907                           	line	135
   908                           	
   909  07AC                     l1702:	
   910                           ;PR14.c: 134: {
   911                           ;PR14.c: 135: RC0=1;
   912  07AC  1407               	bsf	(56/8),(56)&7
   913                           	line	136
   914                           ;PR14.c: 136: RC4=1;
   915  07AD  1607               	bsf	(60/8),(60)&7
   916                           	line	137
   917                           ;PR14.c: 137: }
   918  07AE  2E69               	goto	l1644
   919                           	line	138
   920                           	
   921  07AF                     l640:	
   922                           	
   923  07AF                     l1704:	
   924                           ;PR14.c: 138: else if(temp2>2500 && temp2<3500 )
   925  07AF  3000               	movlw	0
   926  07B0  0279               	subwf	(main@temp2+3),w
   927  07B1  1D03               	skipz
   928  07B2  2FBD               	goto	u185
   929  07B3  3000               	movlw	0
   930  07B4  0278               	subwf	(main@temp2+2),w
   931  07B5  1D03               	skipz
   932  07B6  2FBD               	goto	u185
   933  07B7  3009               	movlw	09h
   934  07B8  0277               	subwf	(main@temp2+1),w
   935  07B9  1D03               	skipz
   936  07BA  2FBD               	goto	u185
   937  07BB  30C5               	movlw	0C5h
   938  07BC  0276               	subwf	(main@temp2),w
   939  07BD                     u185:
   940  07BD  1C03               	skipc
   941  07BE  2FC0               	goto	u181
   942  07BF  2FC1               	goto	u180
   943  07C0                     u181:
   944  07C0  2FD5               	goto	l1710
   945  07C1                     u180:
   946                           	
   947  07C1                     l1706:	
   948  07C1  3000               	movlw	0
   949  07C2  0279               	subwf	(main@temp2+3),w
   950  07C3  1D03               	skipz
   951  07C4  2FCF               	goto	u195
   952  07C5  3000               	movlw	0
   953  07C6  0278               	subwf	(main@temp2+2),w
   954  07C7  1D03               	skipz
   955  07C8  2FCF               	goto	u195
   956  07C9  300D               	movlw	0Dh
   957  07CA  0277               	subwf	(main@temp2+1),w
   958  07CB  1D03               	skipz
   959  07CC  2FCF               	goto	u195
   960  07CD  30AC               	movlw	0ACh
   961  07CE  0276               	subwf	(main@temp2),w
   962  07CF                     u195:
   963  07CF  1803               	skipnc
   964  07D0  2FD2               	goto	u191
   965  07D1  2FD3               	goto	u190
   966  07D2                     u191:
   967  07D2  2FD5               	goto	l1710
   968  07D3                     u190:
   969                           	line	141
   970                           	
   971  07D3                     l1708:	
   972                           ;PR14.c: 139: {
   973                           ;PR14.c: 141: RC0=0;
   974  07D3  1007               	bcf	(56/8),(56)&7
   975                           	line	143
   976                           ;PR14.c: 143: }
   977  07D4  2E69               	goto	l1644
   978                           	line	144
   979                           	
   980  07D5                     l642:	
   981                           	
   982  07D5                     l1710:	
   983                           ;PR14.c: 144: else if(temp2>3500)
   984  07D5  3000               	movlw	0
   985  07D6  0279               	subwf	(main@temp2+3),w
   986  07D7  1D03               	skipz
   987  07D8  2FE3               	goto	u205
   988  07D9  3000               	movlw	0
   989  07DA  0278               	subwf	(main@temp2+2),w
   990  07DB  1D03               	skipz
   991  07DC  2FE3               	goto	u205
   992  07DD  300D               	movlw	0Dh
   993  07DE  0277               	subwf	(main@temp2+1),w
   994  07DF  1D03               	skipz
   995  07E0  2FE3               	goto	u205
   996  07E1  30AD               	movlw	0ADh
   997  07E2  0276               	subwf	(main@temp2),w
   998  07E3                     u205:
   999  07E3  1C03               	skipc
  1000  07E4  2FE6               	goto	u201
  1001  07E5  2FE7               	goto	u200
  1002  07E6                     u201:
  1003  07E6  2E69               	goto	l1644
  1004  07E7                     u200:
  1005                           	line	146
  1006                           	
  1007  07E7                     l1712:	
  1008                           ;PR14.c: 145: {
  1009                           ;PR14.c: 146: RC0=1;
  1010  07E7  1407               	bsf	(56/8),(56)&7
  1011  07E8  2E69               	goto	l1644
  1012                           	line	147
  1013                           	
  1014  07E9                     l644:	
  1015  07E9  2E69               	goto	l1644
  1016                           	line	149
  1017                           	
  1018  07EA                     l643:	
  1019  07EA  2E69               	goto	l1644
  1020                           	
  1021  07EB                     l641:	
  1022                           ;PR14.c: 147: }
  1023                           ;PR14.c: 149: break;
  1024  07EB  2E69               	goto	l1644
  1025                           	line	150
  1026                           	
  1027  07EC                     l1714:	
  1028                           ;PR14.c: 150: }
  1029  07EC  2E69               	goto	l1644
  1030                           	line	79
  1031                           	
  1032  07ED                     l623:	
  1033                           	
  1034  07ED                     l1716:	
  1035  07ED  0875               	movf	(main@status),w
  1036                           	; Switch size 1, requested type "space"
  1037                           ; Number of cases is 4, Range of values is 1 to 4
  1038                           ; switch strategies available:
  1039                           ; Name         Instructions Cycles
  1040                           ; simple_byte           13     7 (average)
  1041                           ; direct_byte           23    11 (fixed)
  1042                           ; jumptable            263     9 (fixed)
  1043                           ;	Chosen strategy is simple_byte
  1044                           
  1045                           	opt asmopt_off
  1046  07EE  3A01               	xorlw	1^0	; case 1
  1047  07EF  1903               	skipnz
  1048  07F0  2EAE               	goto	l624
  1049  07F1  3A03               	xorlw	2^1	; case 2
  1050  07F2  1903               	skipnz
  1051  07F3  2EF4               	goto	l1680
  1052  07F4  3A01               	xorlw	3^2	; case 3
  1053  07F5  1903               	skipnz
  1054  07F6  2F88               	goto	l638
  1055  07F7  3A07               	xorlw	4^3	; case 4
  1056  07F8  1903               	skipnz
  1057  07F9  2F8C               	goto	l1700
  1058  07FA  2E69               	goto	l1644
  1059                           	opt asmopt_on
  1060                           
  1061                           	line	150
  1062                           	
  1063  07FB                     l629:	
  1064  07FB  2E69               	goto	l1644
  1065                           	line	151
  1066                           	
  1067  07FC                     l645:	
  1068                           	line	58
  1069  07FC  2E69               	goto	l1644
  1070                           	
  1071  07FD                     l646:	
  1072                           	line	152
  1073                           	
  1074  07FD                     l647:	
  1075                           	global	start
  1076  07FD  120A  118A  2800   	ljmp	start
  1077                           	opt stack 0
  1078                           GLOBAL	__end_of_main
  1079  0800                     	__end_of_main:
  1080 ;; =============== function _main ends ============
  1081                           
  1082                           	signat	_main,88
  1083                           psect	maintext
  1084                           	global	btemp
  1085  007E                     	btemp set 07Eh
  1086                           
  1087                           	DABS	1,126,2	;btemp
  1088                           	global	wtemp0
  1089  007E                     	wtemp0 set btemp


HI-TECH Software PICC Macro Assembler V9.83 build 10920 
Symbol Table                                                                                   Wed Jun 24 17:32:27 2015

                  _RD 0C60                    u10 066D                    u11 066C                    u20 0673  
                  u21 0672                    u30 0679                    u31 0678                    u40 068A  
                  u41 0689                    u50 0690                    u51 068F                    u60 0696  
                  u61 0695                    u70 06A2                    u71 06A1                    u80 06A8  
                  u81 06A7                    u90 06CF                    u91 06CE                    u95 06CB  
                  _WR 0C61                   l620 0692                   l621 0697                   l613 0669  
                 l630 06F4                   l622 06AD                   l614 0686                   l623 07ED  
                 l631 0717                   l615 0675                   l640 07AF                   l632 0787  
                 l624 06AE                   l616 0675                   l641 07EB                   l633 073E  
                 l625 06D1                   l617 067A                   l642 07D5                   l634 0786  
                 l626 06F3                   l618 069E                   l643 07EA                   l635 0765  
                 l627 06F0                   l619 0692                   l644 07E9                   l636 0785  
                 l628 06F2                   l645 07FC                   l629 07FB                   l637 0784  
                 l646 07FD                   l638 0788                   l647 07FD                   l639 078C  
                 _GIE 005F                   _RA0 0028                   _RC0 0038                   _RB2 0032  
                 _RC1 0039                   _RC2 003A                   _RC4 003C                   u100 06E3  
                 u101 06E2                   u110 0714                   u111 0713                   u200 07E7  
                 u120 0729                   u201 07E6                   u121 0728                   u105 06DF  
                 u130 073B                   u131 073A                   u115 0710                   u140 0750  
                 u205 07E3                   u141 074F                   u125 0725                   u150 0762  
                 u151 0761                   u135 0737                   u160 0777                   u161 0776  
                 u145 074C                   u170 07AC                   u171 07AB                   u155 075E  
                 u180 07C1                   u181 07C0                   u165 0773                   u190 07D3  
                 u191 07D2                   u175 07A8                   u185 07BD                   u195 07CF  
                l1700 078C                  l1710 07D5                  l1702 07AC                  l1630 0648  
                l1712 07E7                  l1704 07AF                  l1640 0666                  l1632 0660  
                l1714 07EC                  l1706 07C1                  l1650 067A                  l1642 0667  
                l1634 0661                  l1708 07D3                  l1716 07ED                  l1660 0697  
                l1652 067D                  l1644 0669                  l1636 0662                  l1670 06A8  
                l1662 069B                  l1646 066D                  l1654 0686                  l1638 0665  
                l1680 06F4                  l1672 06AF                  l1664 069C                  l1656 068A  
                l1648 0674                  l1690 073E                  l1682 0714                  l1674 06CF  
                l1658 0691                  l1666 069E                  l1692 0750                  l1684 0717  
                l1676 06D1                  l1668 06A2                  l1694 0762                  l1686 0729  
                l1678 06E3                  l1696 0765                  l1688 073B                  l1698 0777  
                _WREN 0C62                  _main 0648                  btemp 007E                  start 0000  
               ?_main 0070                 _EEADR 010D                 _CARRY 0018                 _TRISA 0085  
               _TRISB 0086                 _TRISC 0087                 status 0003                 wtemp0 007E  
        __end_of_main 0800                ??_main 0070                _ADCON1 009F                _EEDATA 010C  
              _EECON1 018C                _EECON2 018D        __pcstackCOMMON 0070            __pmaintext 0648  
end_of_initialization 0644            main@status 0075   start_initialization 0644             main@temp1 0071  
           main@temp2 0076         __size_of_main 01B8  
